<?xml version="1.0" encoding="UTF-8"?>
<testng-results skipped="0" failed="0" ignored="0" total="1" passed="1">
  <reporter-output>
  </reporter-output>
  <suite name="TestSuite" duration-ms="47927" started-at="2024-08-22T09:45:13 IST" finished-at="2024-08-22T09:46:01 IST">
    <groups>
    </groups>
    <test name="Assignment :Filling Date and Grant Date difference" duration-ms="47927" started-at="2024-08-22T09:45:13 IST" finished-at="2024-08-22T09:46:01 IST">
      <class name="com.ui.automation.testcases.AssignmentTestCases">
        <test-method status="PASS" signature="testSetUp()[pri:0, instance:com.ui.automation.testcases.AssignmentTestCases@3234e239]" name="testSetUp" is-config="true" duration-ms="35828" started-at="2024-08-22T09:45:13 IST" finished-at="2024-08-22T09:45:49 IST">
          <reporter-output>
          </reporter-output>
        </test-method> <!-- testSetUp -->
        <test-method status="PASS" signature="assignment()[pri:0, instance:com.ui.automation.testcases.AssignmentTestCases@3234e239]" name="assignment" duration-ms="11487" started-at="2024-08-22T09:45:49 IST" finished-at="2024-08-22T09:46:00 IST">
          <reporter-output>
          </reporter-output>
        </test-method> <!-- assignment -->
        <test-method status="PASS" signature="testCleanUp()[pri:0, instance:com.ui.automation.testcases.AssignmentTestCases@3234e239]" name="testCleanUp" is-config="true" duration-ms="559" started-at="2024-08-22T09:46:00 IST" finished-at="2024-08-22T09:46:01 IST">
          <reporter-output>
          </reporter-output>
        </test-method> <!-- testCleanUp -->
      </class> <!-- com.ui.automation.testcases.AssignmentTestCases -->
    </test> <!-- Assignment :Filling Date and Grant Date difference -->
  </suite> <!-- TestSuite -->
</testng-results>
